<?xml version="1.0" encoding="UTF-8"?>
<testsuite xmlns:xsi="http://www.w3.org/2001/XMLSchema-instance" xsi:noNamespaceSchemaLocation="https://maven.apache.org/surefire/maven-surefire-plugin/xsd/surefire-test-report-3.0.xsd" version="3.0" name="ensitpfa.backendhl.BackendHlApplicationTests" time="5.24" tests="1" errors="0" skipped="0" failures="0">
  <properties>
[...]
</properties>
  <testcase name="contextLoads" classname="ensitpfa.backendhl.BackendHlApplicationTests" time="0.885">
    <system-out><![CDATA[23:24:34.039 [main] INFO org.springframework.test.context.support.AnnotationConfigContextLoaderUtils -- Could not detect default configuration classes for test class [ensitpfa.backendhl.BackendHlApplicationTests]: BackendHlApplicationTests does not declare any static, non-private, non-final, nested classes annotated with @Configuration.
23:24:34.366 [main] INFO org.springframework.boot.test.context.SpringBootTestContextBootstrapper -- Found @SpringBootConfiguration ensitpfa.backendhl.BackendHlApplication for test class ensitpfa.backendhl.BackendHlApplicationTests
23:24:34.673 [main] INFO org.springframework.boot.devtools.restart.RestartApplicationListener -- Restart disabled due to context in which it is running

  .   ____          _            __ _ _
 /\\ / ___'_ __ _ _(_)_ __  __ _ \ \ \ \
( ( )\___ | '_ | '_| | '_ \/ _` | \ \ \ \
 \\/  ___)| |_)| | | | | || (_| |  ) ) ) )
  '  |____| .__|_| |_|_| |_\__, | / / / /
 =========|_|==============|___/=/_/_/_/
 :: Spring Boot ::                (v3.2.4)

2024-04-27T23:24:34.974+01:00  INFO 17056 --- [backendHL] [           main] e.backendhl.BackendHlApplicationTests    : Starting BackendHlApplicationTests using Java 21.0.1 with PID 17056 (started by hkaba in C:\Users\hkaba\OneDrive\Desktop\backendPfa\backendHL)
2024-04-27T23:24:34.976+01:00  INFO 17056 --- [backendHL] [           main] e.backendhl.BackendHlApplicationTests    : No active profile set, falling back to 1 default profile: "default"
2024-04-27T23:24:36.155+01:00  INFO 17056 --- [backendHL] [           main] .s.d.r.c.RepositoryConfigurationDelegate : Bootstrapping Spring Data MongoDB repositories in DEFAULT mode.
2024-04-27T23:24:36.225+01:00  INFO 17056 --- [backendHL] [           main] .s.d.r.c.RepositoryConfigurationDelegate : Finished Spring Data repository scanning in 64 ms. Found 6 MongoDB repository interfaces.
2024-04-27T23:24:36.779+01:00  INFO 17056 --- [backendHL] [           main] org.mongodb.driver.client                : MongoClient with metadata {"driver": {"name": "mongo-java-driver|sync|spring-boot", "version": "4.11.1"}, "os": {"type": "Windows", "name": "Windows 11", "architecture": "amd64", "version": "10.0"}, "platform": "Java/Oracle Corporation/21.0.1+12-29"} created with settings MongoClientSettings{readPreference=primary, writeConcern=WriteConcern{w=null, wTimeout=null ms, journal=null}, retryWrites=true, retryReads=true, readConcern=ReadConcern{level=null}, credential=null, transportSettings=null, streamFactoryFactory=null, commandListeners=[], codecRegistry=ProvidersCodecRegistry{codecProviders=[ValueCodecProvider{}, BsonValueCodecProvider{}, DBRefCodecProvider{}, DBObjectCodecProvider{}, DocumentCodecProvider{}, CollectionCodecProvider{}, IterableCodecProvider{}, MapCodecProvider{}, GeoJsonCodecProvider{}, GridFSFileCodecProvider{}, Jsr310CodecProvider{}, JsonObjectCodecProvider{}, BsonCodecProvider{}, EnumCodecProvider{}, com.mongodb.client.model.mql.ExpressionCodecProvider@160e99e0, com.mongodb.Jep395RecordCodecProvider@4f3e9fbb, com.mongodb.KotlinCodecProvider@365afe87]}, loggerSettings=LoggerSettings{maxDocumentLength=1000}, clusterSettings={hosts=[localhost:27017], srvServiceName=mongodb, mode=SINGLE, requiredClusterType=UNKNOWN, requiredReplicaSetName='null', serverSelector='null', clusterListeners='[]', serverSelectionTimeout='30000 ms', localThreshold='15 ms'}, socketSettings=SocketSettings{connectTimeoutMS=10000, readTimeoutMS=0, receiveBufferSize=0, proxySettings=ProxySettings{host=null, port=null, username=null, password=null}}, heartbeatSocketSettings=SocketSettings{connectTimeoutMS=10000, readTimeoutMS=10000, receiveBufferSize=0, proxySettings=ProxySettings{host=null, port=null, username=null, password=null}}, connectionPoolSettings=ConnectionPoolSettings{maxSize=100, minSize=0, maxWaitTimeMS=120000, maxConnectionLifeTimeMS=0, maxConnectionIdleTimeMS=0, maintenanceInitialDelayMS=0, maintenanceFrequencyMS=60000, connectionPoolListeners=[], maxConnecting=2}, serverSettings=ServerSettings{heartbeatFrequencyMS=10000, minHeartbeatFrequencyMS=500, serverListeners='[]', serverMonitorListeners='[]'}, sslSettings=SslSettings{enabled=false, invalidHostNameAllowed=false, context=null}, applicationName='null', compressorList=[], uuidRepresentation=JAVA_LEGACY, serverApi=null, autoEncryptionSettings=null, dnsClient=null, inetAddressResolver=null, contextProvider=null}
2024-04-27T23:24:36.825+01:00  INFO 17056 --- [backendHL] [localhost:27017] org.mongodb.driver.cluster               : Monitor thread successfully connected to server with description ServerDescription{address=localhost:27017, type=STANDALONE, state=CONNECTED, ok=true, minWireVersion=0, maxWireVersion=21, maxDocumentSize=16777216, logicalSessionTimeoutMinutes=30, roundTripTimeNanos=26779700}
2024-04-27T23:24:37.799+01:00  INFO 17056 --- [backendHL] [           main] o.s.s.web.DefaultSecurityFilterChain     : Will secure any request with [org.springframework.security.web.session.DisableEncodeUrlFilter@56f9de3b, org.springframework.security.web.context.request.async.WebAsyncManagerIntegrationFilter@6728370a, org.springframework.security.web.context.SecurityContextHolderFilter@534762ed, org.springframework.security.web.header.HeaderWriterFilter@34cb0e49, org.springframework.web.filter.CorsFilter@2b5f8e61, org.springframework.security.web.authentication.logout.LogoutFilter@344f9467, ensitpfa.backendhl.Config.JwtAuthFIlter@6ba0ee4a, org.springframework.security.web.savedrequest.RequestCacheAwareFilter@38e00b47, org.springframework.security.web.servletapi.SecurityContextHolderAwareRequestFilter@2a631049, org.springframework.security.web.authentication.AnonymousAuthenticationFilter@73b0ed03, org.springframework.security.web.session.SessionManagementFilter@14656be5, org.springframework.security.web.access.ExceptionTranslationFilter@312a738d, org.springframework.security.web.access.intercept.AuthorizationFilter@6abb7b7d]
2024-04-27T23:24:37.805+01:00  WARN 17056 --- [backendHL] [           main] o.s.s.c.a.web.builders.WebSecurity       : You are asking Spring Security to ignore Ant [pattern='/swagger-ui/**']. This is not recommended -- please use permitAll via HttpSecurity#authorizeHttpRequests instead.
2024-04-27T23:24:37.805+01:00  INFO 17056 --- [backendHL] [           main] o.s.s.web.DefaultSecurityFilterChain     : Will not secure Ant [pattern='/swagger-ui/**']
2024-04-27T23:24:37.805+01:00  WARN 17056 --- [backendHL] [           main] o.s.s.c.a.web.builders.WebSecurity       : You are asking Spring Security to ignore Ant [pattern='/v3/api-docs/**']. This is not recommended -- please use permitAll via HttpSecurity#authorizeHttpRequests instead.
2024-04-27T23:24:37.805+01:00  INFO 17056 --- [backendHL] [           main] o.s.s.web.DefaultSecurityFilterChain     : Will not secure Ant [pattern='/v3/api-docs/**']
2024-04-27T23:24:38.161+01:00  INFO 17056 --- [backendHL] [           main] e.backendhl.BackendHlApplicationTests    : Started BackendHlApplicationTests in 3.514 seconds (process running for 5.15)
]]></system-out>
    <system-err><![CDATA[WARNING: A Java agent has been loaded dynamically (C:\Users\hkaba\.m2\repository\net\bytebuddy\byte-buddy-agent\1.14.12\byte-buddy-agent-1.14.12.jar)
WARNING: If a serviceability tool is in use, please run with -XX:+EnableDynamicAgentLoading to hide this warning
WARNING: If a serviceability tool is not in use, please run with -Djdk.instrument.traceUsage for more information
WARNING: Dynamic loading of agents will be disallowed by default in a future release
]]></system-err>
  </testcase>
</testsuite>